<?xml version="1.0" encoding="UTF-8"?>
<!-- Generated by org.testng.reporters.JUnitReportReporter -->
<testsuite hostname="suresh-PC" name="com.orangehrm.tests.OrangeHRMKeywordDrivenTest" tests="1" failures="0" timestamp="21 Apr 2016 06:42:27 GMT" time="115.369" errors="0">
  <testcase name="keywordDrivenTest" time="115.369" classname="com.orangehrm.tests.OrangeHRMKeywordDrivenTest"/>
</testsuite> <!-- com.orangehrm.tests.OrangeHRMKeywordDrivenTest -->
